<?xml version="1.0" encoding="UTF-8"?>
<!-- Generated by org.testng.reporters.JUnitXMLReporter -->
<testsuite ignored="0" hostname="DESKTOP-4L6S52T" failures="0" tests="3" name="Surefire test" time="0.229" errors="0" timestamp="2025-02-04T20:19:32 IST">
  <testcase classname="com.example.TwistedMountainAnimation.TestComponent.BaseTest" name="@BeforeMethod initializeDriver" time="-1.738680572301E9">
    <failure type="org.testng.TestNGException" message="
Parameter &amp;apos;browser&amp;apos; is required by BeforeMethod on method initializeDriver but has not been marked @Optional or defined
">
      <![CDATA[org.testng.TestNGException: 
Parameter 'browser' is required by BeforeMethod on method initializeDriver but has not been marked @Optional or defined

at java.base/java.util.ArrayList.forEach(ArrayList.java:1541)
... Removed 33 stack frames]]>
    </failure>
  </testcase> <!-- @BeforeMethod initializeDriver -->
  <testcase classname="com.example.TwistedMountainAnimation.TestComponent.BaseTest" name="@AfterMethod tearDown" time="0.0">
    <skipped/>
  </testcase> <!-- @AfterMethod tearDown -->
  <testcase classname="com.example.TwistedMountainAnimation.TestComponent.BaseTest" name="@BeforeMethod initializeDriver" time="-1.73868057239E9">
    <failure type="org.testng.TestNGException" message="
Parameter &amp;apos;browser&amp;apos; is required by BeforeMethod on method initializeDriver but has not been marked @Optional or defined
">
      <![CDATA[org.testng.TestNGException: 
Parameter 'browser' is required by BeforeMethod on method initializeDriver but has not been marked @Optional or defined

at java.base/java.util.ArrayList.forEach(ArrayList.java:1541)
... Removed 33 stack frames]]>
    </failure>
  </testcase> <!-- @BeforeMethod initializeDriver -->
  <testcase classname="com.example.TwistedMountainAnimation.TestComponent.BaseTest" name="@AfterMethod tearDown" time="0.0">
    <skipped/>
  </testcase> <!-- @AfterMethod tearDown -->
  <testcase classname="com.example.TwistedMountainAnimation.TestComponent.BaseTest" name="@BeforeMethod initializeDriver" time="-1.738680572399E9">
    <failure type="org.testng.TestNGException" message="
Parameter &amp;apos;browser&amp;apos; is required by BeforeMethod on method initializeDriver but has not been marked @Optional or defined
">
      <![CDATA[org.testng.TestNGException: 
Parameter 'browser' is required by BeforeMethod on method initializeDriver but has not been marked @Optional or defined

at java.base/java.util.ArrayList.forEach(ArrayList.java:1541)
... Removed 33 stack frames]]>
    </failure>
  </testcase> <!-- @BeforeMethod initializeDriver -->
  <testcase classname="com.example.TwistedMountainAnimation.TestComponent.BaseTest" name="@AfterMethod tearDown" time="0.0">
    <skipped/>
  </testcase> <!-- @AfterMethod tearDown -->
  <testcase classname="com.example.TwistedMountainAnimation.Tests.FooterLinkStatusTest" name="verifyFooterLinksStatus" time="0.0">
    <skipped/>
  </testcase> <!-- verifyFooterLinksStatus -->
  <testcase classname="com.example.TwistedMountainAnimation.Tests.HomePageTitleTest" name="testHomePageTitle" time="0.002">
    <skipped/>
  </testcase> <!-- testHomePageTitle -->
  <testcase classname="com.example.TwistedMountainAnimation.Tests.ProductSearchTest" name="verifyProductSearchAndDetails" time="0.0">
    <skipped/>
  </testcase> <!-- verifyProductSearchAndDetails -->
</testsuite> <!-- Surefire test -->
